[    88.400] (--) Log file renamed from "/home/diyaa/.local/share/xorg/Xorg.pid-2068.log" to "/home/diyaa/.local/share/xorg/Xorg.0.log"
[    88.408] 
X.Org X Server 1.20.8
X Protocol Version 11, Revision 0
[    88.408] Build Operating System: Linux 5.4.0-139-generic x86_64 Ubuntu
[    88.409] Current Operating System: Linux ubuntu 5.4.0-150-generic #167~18.04.1-Ubuntu SMP Wed May 24 00:51:42 UTC 2023 x86_64
[    88.409] Kernel command line: BOOT_IMAGE=/boot/vmlinuz-5.4.0-150-generic root=UUID=8bb2d826-5d6f-434e-bed0-8871a1e76c1d ro find_preseed=/preseed.cfg auto noprompt priority=critical locale=en_US quiet
[    88.409] Build Date: 29 March 2023  01:26:59PM
[    88.409] xorg-server-hwe-18.04 2:1.20.8-2ubuntu2.2~18.04.11 (For technical support please see http://www.ubuntu.com/support) 
[    88.410] Current version of pixman: 0.34.0
[    88.410] 	Before reporting problems, check http://wiki.x.org
	to make sure that you have the latest version.
[    88.410] Markers: (--) probed, (**) from config file, (==) default setting,
	(++) from command line, (!!) notice, (II) informational,
	(WW) warning, (EE) error, (NI) not implemented, (??) unknown.
[    88.410] (==) Log file: "/home/diyaa/.local/share/xorg/Xorg.0.log", Time: Tue Jun 17 16:43:37 2025
[    88.417] (==) Using system config directory "/usr/share/X11/xorg.conf.d"
[    88.423] (==) No Layout section.  Using the first Screen section.
[    88.423] (==) No screen section available. Using defaults.
[    88.425] (**) |-->Screen "Default Screen Section" (0)
[    88.425] (**) |   |-->Monitor "<default monitor>"
[    88.426] (==) No monitor specified for screen "Default Screen Section".
	Using a default monitor configuration.
[    88.426] (==) Automatically adding devices
[    88.426] (==) Automatically enabling devices
[    88.426] (==) Automatically adding GPU devices
[    88.426] (==) Automatically binding GPU devices
[    88.426] (==) Max clients allowed: 256, resource mask: 0x1fffff
[    88.426] (WW) The directory "/usr/share/fonts/X11/cyrillic" does not exist.
[    88.426] 	Entry deleted from font path.
[    88.426] (WW) The directory "/usr/share/fonts/X11/100dpi/" does not exist.
[    88.426] 	Entry deleted from font path.
[    88.426] (WW) The directory "/usr/share/fonts/X11/75dpi/" does not exist.
[    88.426] 	Entry deleted from font path.
[    88.426] (WW) The directory "/usr/share/fonts/X11/100dpi" does not exist.
[    88.426] 	Entry deleted from font path.
[    88.426] (WW) The directory "/usr/share/fonts/X11/75dpi" does not exist.
[    88.426] 	Entry deleted from font path.
[    88.426] (==) FontPath set to:
	/usr/share/fonts/X11/misc,
	/usr/share/fonts/X11/Type1,
	built-ins
[    88.426] (==) ModulePath set to "/usr/lib/xorg/modules"
[    88.426] (II) The server relies on udev to provide the list of input devices.
	If no devices become available, reconfigure udev or disable AutoAddDevices.
[    88.426] (II) Loader magic: 0x5641d4594020
[    88.426] (II) Module ABI versions:
[    88.426] 	X.Org ANSI C Emulation: 0.4
[    88.426] 	X.Org Video Driver: 24.1
[    88.426] 	X.Org XInput driver : 24.1
[    88.426] 	X.Org Server Extension : 10.0
[    88.428] (++) using VT number 2

[    88.439] (II) systemd-logind: took control of session /org/freedesktop/login1/session/_32
[    88.443] (II) xfree86: Adding drm device (/dev/dri/card0)
[    88.449] (II) systemd-logind: got fd for /dev/dri/card0 226:0 fd 12 paused 0
[    88.467] (--) PCI:*(0@0:15:0) 15ad:0405:15ad:0405 rev 0, Mem @ 0xe8000000/134217728, 0xfe000000/8388608, I/O @ 0x00001070/16, BIOS @ 0x????????/131072
[    88.467] (II) LoadModule: "glx"
[    88.470] (II) Loading /usr/lib/xorg/modules/extensions/libglx.so
[    88.496] (II) Module glx: vendor="X.Org Foundation"
[    88.496] 	compiled for 1.20.8, module version = 1.0.0
[    88.496] 	ABI class: X.Org Server Extension, version 10.0
[    88.496] (==) Matched vmware as autoconfigured driver 0
[    88.496] (==) Matched modesetting as autoconfigured driver 1
[    88.496] (==) Matched fbdev as autoconfigured driver 2
[    88.496] (==) Matched vesa as autoconfigured driver 3
[    88.496] (==) Assigned the driver to the xf86ConfigLayout
[    88.496] (II) LoadModule: "vmware"
[    88.496] (II) Loading /usr/lib/xorg/modules/drivers/vmware_drv.so
[    88.766] (II) Module vmware: vendor="X.Org Foundation"
[    88.766] 	compiled for 1.20.1, module version = 13.3.0
[    88.766] 	Module class: X.Org Video Driver
[    88.767] 	ABI class: X.Org Video Driver, version 24.0
[    88.767] (II) LoadModule: "modesetting"
[    88.768] (II) Loading /usr/lib/xorg/modules/drivers/modesetting_drv.so
[    88.773] (II) Module modesetting: vendor="X.Org Foundation"
[    88.773] 	compiled for 1.20.8, module version = 1.20.8
[    88.774] 	Module class: X.Org Video Driver
[    88.774] 	ABI class: X.Org Video Driver, version 24.1
[    88.774] (II) LoadModule: "fbdev"
[    88.774] (II) Loading /usr/lib/xorg/modules/drivers/fbdev_drv.so
[    88.781] (II) Module fbdev: vendor="X.Org Foundation"
[    88.781] 	compiled for 1.20.1, module version = 0.5.0
[    88.784] 	Module class: X.Org Video Driver
[    88.784] 	ABI class: X.Org Video Driver, version 24.0
[    88.785] (II) LoadModule: "vesa"
[    88.785] (II) Loading /usr/lib/xorg/modules/drivers/vesa_drv.so
[    88.792] (II) Module vesa: vendor="X.Org Foundation"
[    88.792] 	compiled for 1.20.1, module version = 2.4.0
[    88.792] 	Module class: X.Org Video Driver
[    88.793] 	ABI class: X.Org Video Driver, version 24.0
[    88.793] (II) vmware: driver for VMware SVGA: vmware0405, vmware0710
[    88.793] (II) modesetting: Driver for Modesetting Kernel Drivers: kms
[    88.793] (II) FBDEV: driver for framebuffer: fbdev
[    88.793] (II) VESA: driver for VESA chipsets: vesa
[    88.794] xf86EnableIOPorts: failed to set IOPL for I/O (Operation not permitted)
[    88.794] (WW) Falling back to old probe method for modesetting
[    88.795] (WW) Falling back to old probe method for fbdev
[    88.795] (II) Loading sub module "fbdevhw"
[    88.795] (II) LoadModule: "fbdevhw"
[    88.795] (II) Loading /usr/lib/xorg/modules/libfbdevhw.so
[    88.799] (II) Module fbdevhw: vendor="X.Org Foundation"
[    88.799] 	compiled for 1.20.8, module version = 0.0.2
[    88.800] 	ABI class: X.Org Video Driver, version 24.1
[    88.800] (EE) open /dev/fb0: Permission denied
[    88.800] (WW) VGA arbiter: cannot open kernel arbiter, no multi-card support
[    88.800] (II) vmware(0): Creating default Display subsection in Screen section
	"Default Screen Section" for depth/fbbpp 24/32
[    88.801] (--) vmware(0): DRM driver version is 2.15.0
[    88.801] (==) vmware(0): Depth 24, (--) framebuffer bpp 32
[    88.801] (==) vmware(0): RGB weight 888
[    88.801] (==) vmware(0): Default visual is TrueColor
[    88.803] (--) vmware(0): Min width 1, Max Width 16384.
[    88.803] (--) vmware(0): Min height 1, Max Height 16384.
[    88.808] (II) vmware(0): Output Virtual1 has no monitor section
[    88.809] (II) vmware(0): Output Virtual2 has no monitor section
[    88.809] (II) vmware(0): Output Virtual3 has no monitor section
[    88.809] (II) vmware(0): Output Virtual4 has no monitor section
[    88.809] (II) vmware(0): Output Virtual5 has no monitor section
[    88.810] (II) vmware(0): Output Virtual6 has no monitor section
[    88.810] (II) vmware(0): Output Virtual7 has no monitor section
[    88.810] (II) vmware(0): Output Virtual8 has no monitor section
[    88.811] (II) vmware(0): Printing probed modes for output Virtual1
[    88.812] (II) vmware(0): Modeline "1718x878"x60.0  115.22  1718 1768 1818 1868  878 928 978 1028 -hsync +vsync (61.7 kHz eP)
[    88.812] (II) vmware(0): Modeline "2560x1600"x60.0  348.50  2560 2752 3032 3504  1600 1603 1609 1658 -hsync +vsync (99.5 kHz e)
[    88.812] (II) vmware(0): Modeline "1920x1440"x60.0  234.00  1920 2048 2256 2600  1440 1441 1444 1500 -hsync +vsync (90.0 kHz e)
[    88.812] (II) vmware(0): Modeline "1856x1392"x60.0  218.25  1856 1952 2176 2528  1392 1393 1396 1439 -hsync +vsync (86.3 kHz e)
[    88.812] (II) vmware(0): Modeline "1792x1344"x60.0  204.75  1792 1920 2120 2448  1344 1345 1348 1394 -hsync +vsync (83.6 kHz e)
[    88.812] (II) vmware(0): Modeline "1920x1200"x59.9  193.25  1920 2056 2256 2592  1200 1203 1209 1245 -hsync +vsync (74.6 kHz e)
[    88.813] (II) vmware(0): Modeline "1600x1200"x60.0  162.00  1600 1664 1856 2160  1200 1201 1204 1250 +hsync +vsync (75.0 kHz e)
[    88.813] (II) vmware(0): Modeline "1680x1050"x60.0  146.25  1680 1784 1960 2240  1050 1053 1059 1089 -hsync +vsync (65.3 kHz e)
[    88.813] (II) vmware(0): Modeline "1400x1050"x60.0  121.75  1400 1488 1632 1864  1050 1053 1057 1089 -hsync +vsync (65.3 kHz e)
[    88.813] (II) vmware(0): Modeline "1280x1024"x60.0  108.00  1280 1328 1440 1688  1024 1025 1028 1066 +hsync +vsync (64.0 kHz e)
[    88.813] (II) vmware(0): Modeline "1440x900"x59.9  106.50  1440 1520 1672 1904  900 903 909 934 -hsync +vsync (55.9 kHz e)
[    88.813] (II) vmware(0): Modeline "1280x960"x60.0  108.00  1280 1376 1488 1800  960 961 964 1000 +hsync +vsync (60.0 kHz e)
[    88.813] (II) vmware(0): Modeline "1360x768"x60.0   85.50  1360 1424 1536 1792  768 771 777 795 +hsync +vsync (47.7 kHz e)
[    88.814] (II) vmware(0): Modeline "1280x800"x59.8   83.50  1280 1352 1480 1680  800 803 809 831 +hsync -vsync (49.7 kHz e)
[    88.814] (II) vmware(0): Modeline "1152x864"x75.0  108.00  1152 1216 1344 1600  864 865 868 900 +hsync +vsync (67.5 kHz e)
[    88.814] (II) vmware(0): Modeline "1280x768"x59.9   79.50  1280 1344 1472 1664  768 771 778 798 -hsync +vsync (47.8 kHz e)
[    88.814] (II) vmware(0): Modeline "1024x768"x60.0   65.00  1024 1048 1184 1344  768 771 777 806 -hsync -vsync (48.4 kHz e)
[    88.814] (II) vmware(0): Modeline "800x600"x60.3   40.00  800 840 968 1056  600 601 605 628 +hsync +vsync (37.9 kHz e)
[    88.814] (II) vmware(0): Modeline "640x480"x59.9   25.18  640 656 752 800  480 489 492 525 -hsync -vsync (31.5 kHz e)
[    88.814] (II) vmware(0): EDID for output Virtual2
[    88.815] (II) vmware(0): EDID for output Virtual3
[    88.815] (II) vmware(0): EDID for output Virtual4
[    88.815] (II) vmware(0): EDID for output Virtual5
[    88.816] (II) vmware(0): EDID for output Virtual6
[    88.816] (II) vmware(0): EDID for output Virtual7
[    88.816] (II) vmware(0): EDID for output Virtual8
[    88.816] (II) vmware(0): Output Virtual1 connected
[    88.816] (II) vmware(0): Output Virtual2 disconnected
[    88.816] (II) vmware(0): Output Virtual3 disconnected
[    88.817] (II) vmware(0): Output Virtual4 disconnected
[    88.817] (II) vmware(0): Output Virtual5 disconnected
[    88.817] (II) vmware(0): Output Virtual6 disconnected
[    88.817] (II) vmware(0): Output Virtual7 disconnected
[    88.817] (II) vmware(0): Output Virtual8 disconnected
[    88.817] (II) vmware(0): Using exact sizes for initial modes
[    88.817] (II) vmware(0): Output Virtual1 using initial mode 1718x878 +0+0
[    88.818] (==) vmware(0): DPI set to (96, 96)
[    88.818] (==) vmware(0): Using gamma correction (1.0, 1.0, 1.0)
[    88.818] (II) Loading sub module "fb"
[    88.818] (II) LoadModule: "fb"
[    88.819] (II) Loading /usr/lib/xorg/modules/libfb.so
[    88.827] (II) Module fb: vendor="X.Org Foundation"
[    88.827] 	compiled for 1.20.8, module version = 1.0.0
[    88.828] 	ABI class: X.Org ANSI C Emulation, version 0.4
[    88.828] (II) Loading sub module "dri2"
[    88.828] (II) LoadModule: "dri2"
[    88.828] (II) Module "dri2" already built-in
[    88.828] (II) Loading sub module "dri3"
[    88.828] (II) LoadModule: "dri3"
[    88.829] (II) Module "dri3" already built-in
[    88.829] (II) UnloadModule: "modesetting"
[    88.829] (II) Unloading modesetting
[    88.829] (II) UnloadModule: "fbdev"
[    88.829] (II) Unloading fbdev
[    88.830] (II) UnloadSubModule: "fbdevhw"
[    88.830] (II) Unloading fbdevhw
[    88.830] (II) UnloadModule: "vesa"
[    88.830] (II) Unloading vesa
[    88.840] (II) vmware(0): Initialized VMWARE_CTRL extension version 0.2
[    88.984] (II) vmware(0): Gallium3D XA version: 2.5.0.
[    88.984] (II) vmware(0): Path of drm device is "/dev/dri/card0".
[    88.984] (II) vmware(0): [DRI2] Setup complete
[    88.984] (II) vmware(0): [DRI2]   DRI driver: vmwgfx
[    89.441] (--) vmware(0): Render acceleration is enabled.
[    89.441] (==) vmware(0): Rendercheck mode is disabled.
[    89.441] (--) vmware(0): Direct rendering (DRI2 3D) is enabled.
[    89.441] (--) vmware(0): Direct rendering (DRI3 3D) is enabled.
[    89.441] (==) vmware(0): Direct presents are disabled.
[    89.441] (==) vmware(0): Hardware only presents are automatic per scanout.
[    89.441] (==) vmware(0): Backing store enabled
[    89.441] (==) vmware(0): Silken mouse enabled
[    89.449] (==) vmware(0): DPMS enabled
[    89.450] (II) Initializing extension Generic Event Extension
[    89.450] (II) Initializing extension SHAPE
[    89.450] (II) Initializing extension MIT-SHM
[    89.451] (II) Initializing extension XInputExtension
[    89.454] (II) Initializing extension XTEST
[    89.456] (II) Initializing extension BIG-REQUESTS
[    89.457] (II) Initializing extension SYNC
[    89.457] (II) Initializing extension XKEYBOARD
[    89.457] (II) Initializing extension XC-MISC
[    89.457] (II) Initializing extension SECURITY
[    89.457] (II) Initializing extension XFIXES
[    89.458] (II) Initializing extension RENDER
[    89.458] (II) Initializing extension RANDR
[    89.458] (II) Initializing extension COMPOSITE
[    89.458] (II) Initializing extension DAMAGE
[    89.458] (II) Initializing extension MIT-SCREEN-SAVER
[    89.459] (II) Initializing extension DOUBLE-BUFFER
[    89.459] (II) Initializing extension RECORD
[    89.459] (II) Initializing extension DPMS
[    89.459] (II) Initializing extension Present
[    89.460] (II) Initializing extension DRI3
[    89.460] (II) Initializing extension X-Resource
[    89.460] (II) Initializing extension XVideo
[    89.460] (II) Initializing extension XVideo-MotionCompensation
[    89.460] (II) Initializing extension SELinux
[    89.460] (II) SELinux: Disabled on system
[    89.460] (II) Initializing extension GLX
[    89.516] (II) AIGLX: Loaded and initialized vmwgfx
[    89.517] (II) GLX: Initialized DRI2 GL provider for screen 0
[    89.517] (II) Initializing extension XFree86-VidModeExtension
[    89.518] (II) Initializing extension XFree86-DGA
[    89.519] (II) Initializing extension XFree86-DRI
[    89.519] (II) Initializing extension DRI2
[    89.619] (II) vmware(0): Setting screen physical size to 454 x 232
[    89.988] (II) config/udev: Adding input device Power Button (/dev/input/event0)
[    89.988] (**) Power Button: Applying InputClass "libinput keyboard catchall"
[    89.988] (II) LoadModule: "libinput"
[    89.988] (II) Loading /usr/lib/xorg/modules/input/libinput_drv.so
[    90.000] (II) Module libinput: vendor="X.Org Foundation"
[    90.000] 	compiled for 1.20.1, module version = 0.28.1
[    90.000] 	Module class: X.Org XInput Driver
[    90.000] 	ABI class: X.Org XInput driver, version 24.1
[    90.000] (II) Using input driver 'libinput' for 'Power Button'
[    90.009] (II) systemd-logind: got fd for /dev/input/event0 13:64 fd 24 paused 0
[    90.009] (**) Power Button: always reports core events
[    90.009] (**) Option "Device" "/dev/input/event0"
[    90.010] (**) Option "_source" "server/udev"
[    90.011] (II) event0  - Power Button: is tagged by udev as: Keyboard
[    90.011] (II) event0  - Power Button: device is a keyboard
[    90.011] (II) event0  - Power Button: device removed
[    90.019] (**) Option "config_info" "udev:/sys/devices/LNXSYSTM:00/LNXPWRBN:00/input/input0/event0"
[    90.019] (II) XINPUT: Adding extended input device "Power Button" (type: KEYBOARD, id 6)
[    90.019] (**) Option "xkb_model" "SKIP"
[    90.019] (**) Option "xkb_layout" "us"
[    90.158] (II) event0  - Power Button: is tagged by udev as: Keyboard
[    90.158] (II) event0  - Power Button: device is a keyboard
[    90.161] (II) config/udev: Adding input device VMware VMware Virtual USB Mouse (/dev/input/event4)
[    90.161] (**) VMware VMware Virtual USB Mouse: Applying InputClass "libinput pointer catchall"
[    90.161] (II) Using input driver 'libinput' for 'VMware VMware Virtual USB Mouse'
[    90.233] (II) systemd-logind: got fd for /dev/input/event4 13:68 fd 27 paused 0
[    90.233] (**) VMware VMware Virtual USB Mouse: always reports core events
[    90.233] (**) Option "Device" "/dev/input/event4"
[    90.234] (**) Option "_source" "server/udev"
[    90.244] (II) event4  - VMware VMware Virtual USB Mouse: is tagged by udev as: Mouse
[    90.245] (II) event4  - VMware VMware Virtual USB Mouse: device is a pointer
[    90.245] (II) event4  - VMware VMware Virtual USB Mouse: device removed
[    90.245] (**) Option "config_info" "udev:/sys/devices/pci0000:00/0000:00:11.0/0000:02:00.0/usb2/2-1/2-1:1.0/0003:0E0F:0003.0001/input/input5/event4"
[    90.245] (II) XINPUT: Adding extended input device "VMware VMware Virtual USB Mouse" (type: MOUSE, id 7)
[    90.245] (**) Option "AccelerationScheme" "none"
[    90.245] (**) VMware VMware Virtual USB Mouse: (accel) selected scheme none/0
[    90.245] (**) VMware VMware Virtual USB Mouse: (accel) acceleration factor: 2.000
[    90.245] (**) VMware VMware Virtual USB Mouse: (accel) acceleration threshold: 4
[    90.246] (II) event4  - VMware VMware Virtual USB Mouse: is tagged by udev as: Mouse
[    90.246] (II) event4  - VMware VMware Virtual USB Mouse: device is a pointer
[    90.247] (II) config/udev: Adding input device VMware VMware Virtual USB Mouse (/dev/input/mouse2)
[    90.247] (II) No input driver specified, ignoring this device.
[    90.247] (II) This device may have been added with another device file.
[    90.248] (II) config/udev: Adding input device AT Translated Set 2 keyboard (/dev/input/event1)
[    90.248] (**) AT Translated Set 2 keyboard: Applying InputClass "libinput keyboard catchall"
[    90.248] (II) Using input driver 'libinput' for 'AT Translated Set 2 keyboard'
[    90.253] (II) systemd-logind: got fd for /dev/input/event1 13:65 fd 28 paused 0
[    90.253] (**) AT Translated Set 2 keyboard: always reports core events
[    90.253] (**) Option "Device" "/dev/input/event1"
[    90.253] (**) Option "_source" "server/udev"
[    90.254] (II) event1  - AT Translated Set 2 keyboard: is tagged by udev as: Keyboard
[    90.254] (II) event1  - AT Translated Set 2 keyboard: device is a keyboard
[    90.254] (II) event1  - AT Translated Set 2 keyboard: device removed
[    90.254] (**) Option "config_info" "udev:/sys/devices/platform/i8042/serio0/input/input1/event1"
[    90.254] (II) XINPUT: Adding extended input device "AT Translated Set 2 keyboard" (type: KEYBOARD, id 8)
[    90.254] (**) Option "xkb_model" "SKIP"
[    90.254] (**) Option "xkb_layout" "us"
[    90.255] (II) event1  - AT Translated Set 2 keyboard: is tagged by udev as: Keyboard
[    90.255] (II) event1  - AT Translated Set 2 keyboard: device is a keyboard
[    90.267] (II) config/udev: Adding input device VirtualPS/2 VMware VMMouse (/dev/input/event3)
[    90.267] (**) VirtualPS/2 VMware VMMouse: Applying InputClass "libinput pointer catchall"
[    90.267] (II) Using input driver 'libinput' for 'VirtualPS/2 VMware VMMouse'
[    90.269] (II) systemd-logind: got fd for /dev/input/event3 13:67 fd 29 paused 0
[    90.269] (**) VirtualPS/2 VMware VMMouse: always reports core events
[    90.269] (**) Option "Device" "/dev/input/event3"
[    90.269] (**) Option "_source" "server/udev"
[    90.270] (II) event3  - VirtualPS/2 VMware VMMouse: is tagged by udev as: Mouse
[    90.270] (II) event3  - VirtualPS/2 VMware VMMouse: device is a pointer
[    90.270] (II) event3  - VirtualPS/2 VMware VMMouse: device removed
[    90.270] (**) Option "config_info" "udev:/sys/devices/platform/i8042/serio1/input/input3/event3"
[    90.270] (II) XINPUT: Adding extended input device "VirtualPS/2 VMware VMMouse" (type: MOUSE, id 9)
[    90.270] (**) Option "AccelerationScheme" "none"
[    90.270] (**) VirtualPS/2 VMware VMMouse: (accel) selected scheme none/0
[    90.270] (**) VirtualPS/2 VMware VMMouse: (accel) acceleration factor: 2.000
[    90.270] (**) VirtualPS/2 VMware VMMouse: (accel) acceleration threshold: 4
[    90.271] (II) event3  - VirtualPS/2 VMware VMMouse: is tagged by udev as: Mouse
[    90.271] (II) event3  - VirtualPS/2 VMware VMMouse: device is a pointer
[    90.272] (II) config/udev: Adding input device VirtualPS/2 VMware VMMouse (/dev/input/mouse1)
[    90.272] (II) No input driver specified, ignoring this device.
[    90.272] (II) This device may have been added with another device file.
[    90.273] (II) config/udev: Adding input device VirtualPS/2 VMware VMMouse (/dev/input/event2)
[    90.273] (**) VirtualPS/2 VMware VMMouse: Applying InputClass "libinput pointer catchall"
[    90.273] (II) Using input driver 'libinput' for 'VirtualPS/2 VMware VMMouse'
[    90.281] (II) systemd-logind: got fd for /dev/input/event2 13:66 fd 30 paused 0
[    90.281] (**) VirtualPS/2 VMware VMMouse: always reports core events
[    90.281] (**) Option "Device" "/dev/input/event2"
[    90.281] (**) Option "_source" "server/udev"
[    90.281] (II) event2  - VirtualPS/2 VMware VMMouse: is tagged by udev as: Mouse
[    90.282] (II) event2  - VirtualPS/2 VMware VMMouse: device is a pointer
[    90.287] (II) event2  - VirtualPS/2 VMware VMMouse: device removed
[    90.287] (**) Option "config_info" "udev:/sys/devices/platform/i8042/serio1/input/input4/event2"
[    90.287] (II) XINPUT: Adding extended input device "VirtualPS/2 VMware VMMouse" (type: MOUSE, id 10)
[    90.287] (**) Option "AccelerationScheme" "none"
[    90.287] (**) VirtualPS/2 VMware VMMouse: (accel) selected scheme none/0
[    90.287] (**) VirtualPS/2 VMware VMMouse: (accel) acceleration factor: 2.000
[    90.287] (**) VirtualPS/2 VMware VMMouse: (accel) acceleration threshold: 4
[    90.288] (II) event2  - VirtualPS/2 VMware VMMouse: is tagged by udev as: Mouse
[    90.288] (II) event2  - VirtualPS/2 VMware VMMouse: device is a pointer
[    90.289] (II) config/udev: Adding input device VirtualPS/2 VMware VMMouse (/dev/input/mouse0)
[    90.289] (II) No input driver specified, ignoring this device.
[    90.289] (II) This device may have been added with another device file.
